1     						
2     	 0000				_SIGNALPROC_ASM	# comment if we do not want assembler processing
3     						
4     							.if defined (_SIGNALPROC_ASM)
5     							
6     	 0000					.public _iir_l_lpf11
7     	 0000					.public _iir_l_hpf3
8     	 0000					.public _iir_l_hpf5
9     	 0000					.public _iir_r_lpf11
10    	 0000					.public _iir_r_hpf3
11    	 0000					.public _iir_r_hpf5
12    							
13    							.xdata_ovly
13     >> start of macro: .xdata_ovly
1+    									seg_single , "X_OVLY", X
1+     >> start of macro: seg_single
1+    						  .if ( "" != "" ) & defined( ___SegStart_X_ )
2+    						    segment
3+    						  .else
4+    						    segment "X_OVLY"
5+    							.if "" != ""
6+    						___SegStart_X_
7+    							.endif
8+    						  .endif
9+    							#RememberSegmentType
10+    >> end of macro: seg_single
2+     >> end of macro: .xdata_ovly
14    						
15    	 0000				_hpf_3khz_coeffs	.dw (0.3785533586), (-0.7571067172), (0.3785533586), (0.5), (-0.7271217931), (0.2870309576)
	 0000	 30746FBB	 
	 0001	 9F172089	 
	 0002	 30746FBB	 
	 0003	 40000000	 
	 0004	 A2EDAC4F	 
	 0005	 24BD6E30	 
16    	 0006				_hpf_5khz_coeffs	.dw (0.3134227107), (-0.6268454214), (0.3134227107), (0.5), (-0.5546143963), (0.199076147)
	 0006	 281E3C42	 
	 0007	 AFC3877C	 
	 0008	 281E3C42	 
	 0009	 40000000	 
	 000A	 B902653D	 
	 000B	 197B53C2	 
17    	 000C				_lpf_11khz_coeffs	.dw (0.1277843146), (0.2555686291), (0.1277843146), (0.5), (-0.07673238622), (0.08786964451)
	 000C	 105B3C86	 
	 000D	 20B6790C	 
	 000E	 105B3C86	 
	 000F	 40000000	 
	 0010	 F62DA217	 
	 0011	 0B3F5001	 
18    						
19    							.ydata_ovly
19     >> start of macro: .ydata_ovly
1+    									seg_single , "Y_OVLY", Y
1+     >> start of macro: seg_single
1+    						  .if ( "" != "" ) & defined( ___SegStart_Y_ )
2+    						    segment
3+    						  .else
4+    						    segment "Y_OVLY"
5+    							.if "" != ""
6+    						___SegStart_Y_
7+    							.endif
8+    						  .endif
9+    							#RememberSegmentType
10+    >> end of macro: seg_single
2+     >> end of macro: .ydata_ovly
20    						
21    	 0000				_history0	.bsc(2), (0)
	 0000	 00000000	 
	 0001	 00000000	 
22    	 0002				_history1	.bsc(2), (0)
	 0002	 00000000	 
	 0003	 00000000	 
23    	 0004				_history2	.bsc(2), (0)
	 0004	 00000000	 
	 0005	 00000000	 
24    	 0006				_history3	.bsc(2), (0)
	 0006	 00000000	 
	 0007	 00000000	 
25    	 0008				_history4	.bsc(2), (0)
	 0008	 00000000	 
	 0009	 00000000	 
26    	 000A				_history5	.bsc(2), (0)
	 000A	 00000000	 
	 000B	 00000000	 
27    	 000C				_history6	.bsc(2), (0)
	 000C	 00000000	 
	 000D	 00000000	 
28    	 000E				_history7	.bsc(2), (0)
	 000E	 00000000	 
	 000F	 00000000	 
29    	 0010				_history8	.bsc(2), (0)
	 0010	 00000000	 
	 0011	 00000000	 
30    	 0012				_history9	.bsc(2), (0)
	 0012	 00000000	 
	 0013	 00000000	 
31    	 0014				_history10	.bsc(2), (0)
	 0014	 00000000	 
	 0015	 00000000	 
32    	 0016				_history11	.bsc(2), (0)
	 0016	 00000000	 
	 0017	 00000000	 
33    								
34    							.code_ovly
34     >> start of macro: .code_ovly
1+    									seg_single , "CODE_OVLY", CODE
1+     >> start of macro: seg_single
1+    						  .if ( "" != "" ) & defined( ___SegStart_CODE_ )
2+    						    segment
3+    						  .else
4+    						    segment "CODE_OVLY"
5+    							.if "" != ""
6+    						___SegStart_CODE_
7+    							.endif
8+    						  .endif
9+    							#RememberSegmentType
10+    >> end of macro: seg_single
2+     >> end of macro: .code_ovly
35    							
36    							# a0 input
37    							# coefficients i0
38    							# x_history i1
39    							# y_history i4
40    	 0000				_second_order_iir:
41    	 0000	 A7D40017		ymem[i7] = b3g; i7+=1										
42    	 0001	 9FD40017		ymem[i7] = b3h; i7+=1										
43    	 0002	 97D40017		ymem[i7] = b3l; i7+=1										# Stavljamo na stek ono sto nije dostupno za upotrebu
44    						
45    	 0003	 48447FFF		y0 = a0														# y0 = input
46    							# zakomentarisati i0+=1 za neoptimizovanu verziju
47    	 0004	 80140010		x0 = xmem[i0]; i0+=1	# <-								# x0 = koeficijent
48    	 0005	 8F4A0000		uhalfword(b3) = (0)											# output = 0
49    							
50    							// ----------------------------
51    							/*b3 += x0 * y0
52    							i0+=1
53    							x0 = xmem[i0]
54    							y0 = ymem[i4]
55    							b3 += x0 * y0
56    							i0+=1
57    							i4+=1
58    							x0 = xmem[i0]
59    							y0 = ymem[i4]
60    							b3 += x0 * y0
61    							i0+=1
62    							i0+=1
63    							x0 = xmem[i0]
64    							y0 = ymem[i5]
65    							b3 -= x0 * y0
66    							i0+=1
67    							i5+=1
68    							x0 = xmem[i0]
69    							y0 = ymem[i5]
70    							b3 -= x0 * y0
71    							
72    							i5-=1
73    							y0 = ymem[i5]
74    							i5+=1
75    							i4-=1*/
76    							// ----------------------------
77    							
78    	 0006	 0888240F		b3 += x0 * y0; x0 = xmem[i0]; i0+=1; y0 = ymem[i4]; i4+=1	
79    	 0007	 0890240F		b3 += x0 * y0; x0 = xmem[i0]; i0+=1; y0 = ymem[i4];	i4-=1	
80    	 0008	 02087FFF		i0+=1
81    	 0009	 08A8240F		b3 += x0 * y0; x0 = xmem[i0]; i0+=1; y0 = ymem[i5]; i5+=1	
82    	 000A	 00B0241F		b3 -= x0 * y0; x0 = xmem[i0]; y0 = ymem[i5]; i5-=1			
83    	 000B	 244D241F		b3 -= x0 * y0; y0 = ymem[i5]; i5+=1		
84    							
85    							// ----------------------------				
86    						
87    	 000C	 00004E07		b3 = b3 << 1												# Shiftujemo zato sto su svi koeficijenti bili skalirani (>> 1)
88    							
89    	 000D	 84D40025		ymem[i5] = y0; i5-=1										
90    	 000E	 8FD40005		ymem[i5] = b3;												
91    	 000F	 84940014		y0 = ymem[i4]; i4+=1										
92    	 0010	 84D40024		ymem[i4] = y0; i4-=1										
93    	 0011	 88D40004		ymem[i4] = a0												
94    							
95    	 0012	 97090010		AnyReg(a0l, b3l)											
96    	 0013	 9F090018		AnyReg(a0h, b3h)											
97    	 0014	 A7090020		AnyReg(a0g, b3g)											# prebacujemo b3 u a0 zato sto se u a0 mora nalaziti povratna vrednost
98    						
99    	 0015	 02177FFF		i7-=1
100   	 0016	 97940027		b3l = ymem[i7]; i7-=1
101   	 0017	 9F940027		b3h = ymem[i7]; i7-=1
102   	 0018	 A7940007		b3g = ymem[i7]
103   						
104   	 0019	 81880000		ret
105   						
106   	 001A				_iir_l_lpf11:
107   	 001A	 B04A000C		i0 = (_lpf_11khz_coeffs)	# postavljamo argumente funkcije
108   	 001B	 B84A0000		i4 = (_history0)
109   	 001C	 B94A0002		i5 = (_history1)
110   	 001D	 80880000		call _second_order_iir
111   							
112   	 001E	 81880000		ret
113   							
114   	 001F				_iir_l_hpf3:
115   	 001F	 B04A0000		i0 = (_hpf_3khz_coeffs)
116   	 0020	 B84A0004		i4 = (_history2)
117   	 0021	 B94A0006		i5 = (_history3)
118   	 0022	 80880000		call _second_order_iir
119   							
120   	 0023	 81880000		ret
121   							
122   	 0024				_iir_l_hpf5:
123   	 0024	 B04A0006		i0 = (_hpf_5khz_coeffs)
124   	 0025	 B84A0008		i4 = (_history4)
125   	 0026	 B94A000A		i5 = (_history5)
126   	 0027	 80880000		call _second_order_iir
127   							
128   	 0028	 81880000		ret
129   							
130   	 0029				_iir_r_lpf11:
131   	 0029	 B04A000C		i0 = (_lpf_11khz_coeffs)
132   	 002A	 B84A000C		i4 = (_history6)
133   	 002B	 B94A000E		i5 = (_history7)
134   	 002C	 80880000		call _second_order_iir
135   							
136   	 002D	 81880000		ret
137   							
138   	 002E				_iir_r_hpf3:
139   	 002E	 B04A0000		i0 = (_hpf_3khz_coeffs)
140   	 002F	 B84A0010		i4 = (_history8)
141   	 0030	 B94A0012		i5 = (_history9)
142   	 0031	 80880000		call _second_order_iir
143   							
144   	 0032	 81880000		ret
145   							
146   	 0033				_iir_r_hpf5:
147   	 0033	 B04A0006		i0 = (_hpf_5khz_coeffs)
148   	 0034	 B84A0014		i4 = (_history10)
149   	 0035	 B94A0016		i5 = (_history11)
150   	 0036	 80880000		call _second_order_iir
151   							
152   	 0037	 81880000		ret
153   							
154   							.endif
155   								
				 SYMBOL TABLE 

    Name                                                                                    Type                  Value 

_COMMON_INC_PATH_                                                               					 Define                 "C:/CirrusDSP/crystal32/common/inc/"
_DSP_                                                                           			  Unused Variable		        0 (0H)
_LOCAL_INC_PATH_                                                                					 Define                 "inc/"
_LOCAL_SRC_PATH_                                                                					 Define                 "src/"
_ROUTER_INC_PATH_                                                               					 Define                 "rom_inc/"
_SIGNALPROC_ASM                                                                 			  Unused Relocatable        __INIT:0000H
__CASM_VER__                                                                    			  Unused Variable		        0 (701H)
_history0                                                                       			         Relocatable         iir_GEN_0001:0000H
_history1                                                                       			         Relocatable         iir_GEN_0001:0002H
_history10                                                                      			         Relocatable         iir_GEN_0001:0014H
_history11                                                                      			         Relocatable         iir_GEN_0001:0016H
_history2                                                                       			         Relocatable         iir_GEN_0001:0004H
_history3                                                                       			         Relocatable         iir_GEN_0001:0006H
_history4                                                                       			         Relocatable         iir_GEN_0001:0008H
_history5                                                                       			         Relocatable         iir_GEN_0001:000AH
_history6                                                                       			         Relocatable         iir_GEN_0001:000CH
_history7                                                                       			         Relocatable         iir_GEN_0001:000EH
_history8                                                                       			         Relocatable         iir_GEN_0001:0010H
_history9                                                                       			         Relocatable         iir_GEN_0001:0012H
_hpf_3khz_coeffs                                                                			         Relocatable         iir_GEN_0000:0000H
_hpf_5khz_coeffs                                                                			         Relocatable         iir_GEN_0000:0006H
_iir_l_hpf3                                                                     			  Public Relocatable       iir_GEN_0002:001FH
_iir_l_hpf5                                                                     			  Public Relocatable       iir_GEN_0002:0024H
_iir_l_lpf11                                                                    			  Public Relocatable       iir_GEN_0002:001AH
_iir_r_hpf3                                                                     			  Public Relocatable       iir_GEN_0002:002EH
_iir_r_hpf5                                                                     			  Public Relocatable       iir_GEN_0002:0033H
_iir_r_lpf11                                                                    			  Public Relocatable       iir_GEN_0002:0029H
_lpf_11khz_coeffs                                                               			         Relocatable         iir_GEN_0000:000CH
_second_order_iir                                                               			         Relocatable         iir_GEN_0002:0000H

	       SEGMENTS:

Size			  Name										 Class
0000H	 __INIT                                  			 CODE                                    
0012H	 iir_GEN_0000                            			 X_OVLY                                  
0018H	 iir_GEN_0001                            			 Y_OVLY                                  
0038H	 iir_GEN_0002                            			 CODE_OVLY                               
