1     						
2     	 0000				_SIGNALPROC_ASM	# comment if we do not want assembler processing
3     						
4     							.if defined (_SIGNALPROC_ASM)
5     						.include "example_module_mcv.h"
5      >> open include file: C:/CirrusDSP/clide/workspace/projekat_final/example_module/gen/inc/example_module_mcv.h
1+    						/*
2+    						 * This file is automatically generated by CLIDE
3+    						 *
4+    						 * MCV (Module Control Vector)
5+    						 */
6+    						.include "dsplib/meter_asm.h" 
6+     >> open include file: C:/CirrusDSP/include/dsplib/meter_asm.h
1+    							.if !defined(_meter_h_)
2+    	 0000				_meter_h_
3+    						
4+    						METER_T .struct
5+    						RMS .dw 0			#fract(1.31)
6+    						RMS_HOLD .dw 0		#fract(1.31)
7+    						PEAK .dw 0			#fract(1.31)
8+    						PEAK_HOLD .dw 0		#fract(1.31)
9+    							.endstruct
10+   						
11+   						(null)11+    >> end of include file: C:/CirrusDSP/include/dsplib/meter_asm.h
11+    >> continuing with file: C:/CirrusDSP/clide/workspace/projekat_final/example_module/gen/inc/example_module_mcv.h
7+    						.include "dsplib/response_asm.h"
7+     >> open include file: C:/CirrusDSP/include/dsplib/response_asm.h
1+    							.if !defined(_response_h_)
2+    	 0000				_response_h_
3+    						
4+    						BIQUAD_T .struct
5+    						COEF_A1 .dw 0			#fract(2.30)
6+    						COEF_A2 .dw 0			#fract(2.30)
7+    						COEF_B0 .dw 1			#fract(3.29)
8+    						COEF_B1 .dw 0			#fract(3.29)
9+    						COEF_B2 .dw 0			#fract(3.29)
10+   							.endstruct
11+   						
12+   						RESPONSE_T .struct
13+   						PRE .dw 0			#fract(7.25)
14+   						POST .dw 0			#fract(7.25)
15+   							.rept %i = 0,2
16+   						BIQUAD_%i BIQUAD_T		#struct
17+    >> start of macro: .rept
1+    						BIQUAD_0 BIQUAD_T		#struct
2+    						BIQUAD_1 BIQUAD_T		#struct
3+    						BIQUAD_2 BIQUAD_T		#struct
4+    						
17+   							.endm
18+   							.endstruct
19+   							
20+   							.endif21+   						(null)21+    >> end of include file: C:/CirrusDSP/include/dsplib/response_asm.h
21+    >> continuing with file: C:/CirrusDSP/clide/workspace/projekat_final/example_module/gen/inc/example_module_mcv.h
8+    						
9+    	 0001				isDefined	 .equ 	 1
10+   						
11+   						MCV_T	.struct
12+   						enable .dw 0	 # bool	non-zero to enable this function
13+   						G1 .dw 0	 #fract(1.31)
14+   						G2 .dw 0	 #fract(1.31)
15+   							.endstruct
16+   						
17+   						
18+   	 0000				STRUCTURE_INITIALIZATION_STRNG .equ "0x1, 0x00000000, 0x00000000"
19+    >> end of include file: C:/CirrusDSP/clide/workspace/projekat_final/example_module/gen/inc/example_module_mcv.h
19+    >> continuing with file: C:/CirrusDSP/clide/workspace/projekat_final/example_module/src/signalProc.a
6     							
7     	 0010				_BLOCK_SIZE .equ 16
8     	 0000				_L_CH .equ 0
9     	 0001				_R_CH .equ 1
10    	 0002				_C_CH .equ 2
11    	 0003				_LS_CH .equ 3
12    	 0004				_RS_CH .equ 4
13    						
14    							.xdata_ovly
14     >> start of macro: .xdata_ovly
1+    									seg_single , "X_OVLY", X
1+     >> start of macro: seg_single
1+    						  .if ( "" != "" ) & defined( ___SegStart_X_ )
2+    						    segment
3+    						  .else
4+    						    segment "X_OVLY"
5+    							.if "" != ""
6+    						___SegStart_X_
7+    							.endif
8+    						  .endif
9+    							#RememberSegmentType
10+    >> end of macro: seg_single
2+     >> end of macro: .xdata_ovly
15    						
16    	 0000				_MINUS_4DB  	.dw (0.630957)
	 0000	 50C332F0	 
17    	 0001				_MINUS_10DB  	.dw (0.316228)
	 0001	 287A28BB	 
18    	 0002				_MINUS_3P9DB 	.dw (0.638263)
	 0002	 51B29A1C	 
19    	 0003				_MINUS_9P5DB 	.dw (0.334965)
	 0003	 2AE02214	 
20    						
21    	 0000					.public _signalProcessing
22    	 0000					.extern _limiterThreshold
23    	 0000					.extern _iir_l_lpf11
24    	 0000					.extern _iir_l_hpf3
25    	 0000					.extern _iir_l_hpf5
26    	 0000					.extern _iir_r_lpf11
27    	 0000					.extern _iir_r_hpf3
28    	 0000					.extern _iir_r_hpf5
29    	 0000					.extern example_module_MCV (MCV_T)
30    								
31    							.code_ovly
31     >> start of macro: .code_ovly
1+    									seg_single , "CODE_OVLY", CODE
1+     >> start of macro: seg_single
1+    						  .if ( "" != "" ) & defined( ___SegStart_CODE_ )
2+    						    segment
3+    						  .else
4+    						    segment "CODE_OVLY"
5+    							.if "" != ""
6+    						___SegStart_CODE_
7+    							.endif
8+    						  .endif
9+    							#RememberSegmentType
10+    >> end of macro: seg_single
2+     >> end of macro: .code_ovly
32    							
33    							# prema CCC2 pozivnoj konvenciji:
34    							# i0 - pIn
35    							# i1 - pOut
36    	 0000				_signalProcessing:
37    							# na raspolaganju a0 a1 b0 b1 i4 i5
38    							
39    	 0000	 81000070		do(_BLOCK_SIZE), >loop
40    								# ------------------------------------------------
41    								# prva faza, primenjujemo input gainove na ulazne signale
42    								# *samplePtrInL = *samplePtrInL * *variablesGainPtrL;
43    								# *samplePtrInR = *samplePtrInR * *variablesGainPtrR;
44    	 0001	 85050000			i5 = i0 + (_L_CH * _BLOCK_SIZE) 
45    	 0002	 80940005			x0 = ymem[i5]
46    	 0003	 84040000			y0 = xmem[example_module_MCV.G1]
47    	 0004	 00002400			a0 = x0 * y0
48    	 0005	 88D40005			ymem[i5] = a0
49    								
50    	 0006	 85050010			i5 = i0 + (_R_CH * _BLOCK_SIZE) 
51    	 0007	 80940005			x0 = ymem[i5]
52    	 0008	 84040000			y0 = xmem[example_module_MCV.G2]
53    	 0009	 00002400			a0 = x0 * y0
54    	 000A	 88D40005			ymem[i5] = a0
55    								
56    								# ------------------------------------------------
57    								# OBRADA IZ LEVOG KANALA
58    								# ------------------------------------------------
59    								# druga faza, primenjujemo LPF 11kHz i rezultat saljemo na izlaz Ls
60    								# 	temp3 = iir_l_lpf11((DSPaccum)*samplePtrInL);
61    								#	*samplePtrOutLs = saturation(temp3);
62    	 000B	 85050000			i5 = i0 + (_L_CH * _BLOCK_SIZE) 
63    	 000C	 80940005			x0 = ymem[i5]
64    	 000D	 40487FFF			a0 = x0
65    	 000E	 B0540017			xmem[i7] = i0; i7+=1
66    	 000F	 B9540007			xmem[i7] = i5
67    	 0010	 80880000			call _iir_l_lpf11
68    	 0011	 B9140027			i5 = xmem[i7]; i7-=1
69    	 0012	 B0140007			i0 = xmem[i7]
70    	 0013	 484D7FFF			b1 = a0
71    								
72    								# saturation ...
73    	 0014	 8C040000			b0 = xmem[_limiterThreshold]
74    	 0015	 00004860			if(b0 < a0) a0 = b0
75    	 0016	 00004C84			b0 = -b0
76    	 0017	 00004820			if(b0 > a0) a0 = b0
77    						
78    	 0018	 85150030			i5 = i1 + (_LS_CH * _BLOCK_SIZE)
79    	 0019	 88D40005			ymem[i5] = a0
80    								# ------------------------------------------------
81    								# treca faza, primenjujemo HPF 5kHz, smanjujemo za -10dB i rezultat saljemo na izlaz C
82    								# temp1 = iir_l_hpf5((DSPaccum)*samplePtrInL);
83    								# tempFract = temp1 >> 1;
84    								# tempFract = tempFract * MINUS_10DB;
85    								# temp1 = tempFract << 1;
86    								# *samplePtrOutC = saturation(temp1);
87    	 001A	 85050000			i5 = i0 + (_L_CH * _BLOCK_SIZE)
88    	 001B	 80940005			x0 = ymem[i5]
89    	 001C	 40487FFF			a0 = x0	
90    	 001D	 B0540017			xmem[i7] = i0; i7+=1
91    	 001E	 B9540007			xmem[i7] = i5
92    	 001F	 80880000			call _iir_l_hpf5
93    	 0020	 B9140027			i5 = xmem[i7]; i7-=1
94    	 0021	 B0140007			i0 = xmem[i7]
95    	 0022	 00004E40			a0 = a0 >> 1
96    	 0023	 48407FFF			x0 = a0
97    	 0024	 84040001			y0 = xmem[_MINUS_10DB]
98    	 0025	 00002400			a0 = x0 * y0
99    	 0026	 00004E00			a0 = a0 << 1
100   	 0027	 48497FFF			a1 = a0
101   								
102   								# saturation ...
103   	 0028	 8C040000			b0 = xmem[_limiterThreshold]	
104   	 0029	 00004860			if(b0 < a0) a0 = b0
105   	 002A	 00004C84			b0 = -b0
106   	 002B	 00004820			if(b0 > a0) a0 = b0
107   								
108   	 002C	 85150020			i5 = i1 + (_C_CH * _BLOCK_SIZE)
109   	 002D	 88D40005			ymem[i5] = a0
110   								# ------------------------------------------------
111   								# cetvrta faza, primenjujemo HPF 3kHz, smanjujemo za -4dB, sabiramo sa C izlaznim kanalom i saljemo na izlaz L
112   								# temp2 = iir_l_hpf3(temp3);
113   								# tempFract = temp2 >> 1;
114   								# tempFract = tempFract * MINUS_4DB;
115   								# temp2 = tempFract << 1;
116   								# *samplePtrOutL = saturation(temp2 + temp1);
117   	 002E	 4D487FFF			a0 = b1
118   	 002F	 B0540017			xmem[i7] = i0; i7+=1
119   	 0030	 B9540007			xmem[i7] = i5
120   	 0031	 80880000			call _iir_l_hpf3
121   	 0032	 B9140027			i5 = xmem[i7]; i7-=1
122   	 0033	 B0140007			i0 = xmem[i7]
123   	 0034	 00004E40			a0 = a0 >> 1
124   	 0035	 48407FFF			x0 = a0
125   	 0036	 84040000			y0 = xmem[_MINUS_4DB]
126   	 0037	 00002400			a0 = x0 * y0
127   	 0038	 00004E00			a0 = a0 << 1
128   	 0039	 00004408			a0 = a0 + a1
129   								
130   								# saturation ...
131   	 003A	 8C040000			b0 = xmem[_limiterThreshold]	
132   	 003B	 00004860			if(b0 < a0) a0 = b0
133   	 003C	 00004C84			b0 = -b0
134   	 003D	 00004820			if(b0 > a0) a0 = b0
135   									
136   	 003E	 85150000			i5 = i1 + (_L_CH * _BLOCK_SIZE)
137   	 003F	 88D40005			ymem[i5] = a0
138   								# ------------------------------------------------
139   								# OBRADA DESNOG KANALA
140   								# ------------------------------------------------
141   								# peta faza, primenjujemo HPF 5kHz
142   								#	temp3 = iir_r_lpf11((DSPaccum)*samplePtrInR);
143   								#	*samplePtrOutRs = saturation(temp3);
144   	 0040	 85050010			i5 = i0 + (_R_CH * _BLOCK_SIZE) 
145   	 0041	 80940005			x0 = ymem[i5]
146   	 0042	 40487FFF			a0 = x0		
147   	 0043	 B0540017			xmem[i7] = i0; i7+=1
148   	 0044	 B9540007			xmem[i7] = i5
149   	 0045	 80880000			call _iir_r_lpf11
150   	 0046	 B9140027			i5 = xmem[i7]; i7-=1
151   	 0047	 B0140007			i0 = xmem[i7]
152   	 0048	 484D7FFF			b1 = a0	
153   								
154   								# saturation ...
155   	 0049	 8C040000			b0 = xmem[_limiterThreshold]	
156   	 004A	 00004860			if(b0 < a0) a0 = b0
157   	 004B	 00004C84			b0 = -b0
158   	 004C	 00004820			if(b0 > a0) a0 = b0
159   									
160   	 004D	 85150040			i5 = i1 + (_RS_CH * _BLOCK_SIZE)
161   	 004E	 88D40005			ymem[i5] = a0
162   								# ------------------------------------------------
163   								# sesta faza, primenjujemo HPF 5kHz, smanjujemo za -9.5dB i smestamo u temp
164   								# temp1 = iir_r_hpf5((DSPaccum)*samplePtrInR);
165   								# tempFract = temp1 >> 1;
166   								# tempFract = tempFract * MINUS_9P5DB;
167   								# temp1 = tempFract << 1;
168   	 004F	 85050010			i5 = i0 + (_R_CH * _BLOCK_SIZE) 
169   	 0050	 80940005			x0 = ymem[i5]
170   	 0051	 40487FFF			a0 = x0
171   	 0052	 B0540017			xmem[i7] = i0; i7+=1
172   	 0053	 B9540007			xmem[i7] = i5
173   	 0054	 80880000			call _iir_r_hpf5
174   	 0055	 B9140027			i5 = xmem[i7]; i7-=1
175   	 0056	 B0140007			i0 = xmem[i7]	
176   	 0057	 00004E40			a0 = a0 >> 1
177   	 0058	 48407FFF			x0 = a0
178   	 0059	 84040003			y0 = xmem[_MINUS_9P5DB]
179   	 005A	 00002400			a0 = x0 * y0
180   	 005B	 00004E00			a0 = a0 << 1
181   	 005C	 48497FFF			a1 = a0	
182   								# ------------------------------------------------
183   								# sedma faza, primenjujemo HPF 3kHz, smanjujemo za -3.9dB, sabiramo sa temp i saljemo na izlaz R
184   								# temp2 = iir_r_hpf3(temp3);
185   								# tempFract = temp2 >> 1;
186   								# tempFract = tempFract * MINUS_3P9DB;
187   								# temp2 = tempFract << 1;
188   								# *samplePtrOutR = saturation(temp1 + temp2);
189   	 005D	 4D487FFF			a0 = b1
190   	 005E	 B0540017			xmem[i7] = i0; i7+=1
191   	 005F	 B9540007			xmem[i7] = i5
192   	 0060	 80880000			call _iir_r_hpf3
193   	 0061	 B9140027			i5 = xmem[i7]; i7-=1
194   	 0062	 B0140007			i0 = xmem[i7]	
195   	 0063	 00004E40			a0 = a0 >> 1
196   	 0064	 48407FFF			x0 = a0
197   	 0065	 84040002			y0 = xmem[_MINUS_3P9DB]
198   	 0066	 00002400			a0 = x0 * y0
199   	 0067	 00004E00			a0 = a0 << 1
200   	 0068	 00004408			a0 = a0 + a1
201   								
202   								# saturation ...
203   	 0069	 8C040000			b0 = xmem[_limiterThreshold]	
204   	 006A	 00004860			if(b0 < a0) a0 = b0
205   	 006B	 00004C84			b0 = -b0
206   	 006C	 00004820			if(b0 > a0) a0 = b0
207   									
208   	 006D	 85150010			i5 = i1 + (_R_CH * _BLOCK_SIZE)
209   	 006E	 88D40005			ymem[i5] = a0
210   								
211   	 006F	 02087FFF			i0+=1
212   	 0070	 02097FFF	%loop:	i1+=1
213   						
214   	 0071	 81880000		ret
215   						
216   							.endif
217   							
				 SYMBOL TABLE 

    Name                                                                                    Type                  Value 

STRUCTURE_INITIALIZATION_STRNG                                                  			  Unused String		   '0x1, 0x00000000, 0x00000000' 
_BLOCK_SIZE                                                                     					 Number				          16 (10H)
_COMMON_INC_PATH_                                                               					 Define                 "C:/CirrusDSP/crystal32/common/inc/"
_C_CH                                                                           					 Number				          2 (2H)
_DSP_                                                                           			  Unused Variable		        0 (0H)
_LOCAL_INC_PATH_                                                                					 Define                 "inc/"
_LOCAL_SRC_PATH_                                                                					 Define                 "src/"
_LS_CH                                                                          					 Number				          3 (3H)
_L_CH                                                                           					 Number				         0 (0H)
_MINUS_10DB                                                                     			         Relocatable         signalProc_GEN_0000:0001H
_MINUS_3P9DB                                                                    			         Relocatable         signalProc_GEN_0000:0002H
_MINUS_4DB                                                                      			         Relocatable         signalProc_GEN_0000:0000H
_MINUS_9P5DB                                                                    			         Relocatable         signalProc_GEN_0000:0003H
_ROUTER_INC_PATH_                                                               					 Define                 "rom_inc/"
_RS_CH                                                                          					 Number				          4 (4H)
_R_CH                                                                           					 Number				          1 (1H)
_SIGNALPROC_ASM                                                                 			  Unused Relocatable        __INIT:0000H
__CASM_VER__                                                                    			  Unused Variable		        0 (701H)
_iir_l_hpf3                                                                     					 External   
_iir_l_hpf5                                                                     					 External   
_iir_l_lpf11                                                                    					 External   
_iir_r_hpf3                                                                     					 External   
_iir_r_hpf5                                                                     					 External   
_iir_r_lpf11                                                                    					 External   
_limiterThreshold                                                               					 External   
_meter_h_                                                                       			  Unused Relocatable        __INIT:0000H
_response_h_                                                                    			  Unused Relocatable        __INIT:0000H
_signalProcessing                                                               			  Public Relocatable       signalProc_GEN_0001:0000H
example_module_MCV                                                              					 External   
isDefined                                                                       			  Unused Number				      1 (1H)

	       SEGMENTS:

Size			  Name										 Class
0000H	 __INIT                                  			 CODE                                    
0004H	 signalProc_GEN_0000                     			 X_OVLY                                  
0072H	 signalProc_GEN_0001                     			 CODE_OVLY                               
